
=== Tue Sep  3 10:14:09 2024

Packages were changed.
Update Mode: mergeDefaultDependencies

The following packages were added:
  com.unity.visualscripting@1.8.0
The following packages were updated:
  com.unity.collab-proxy from version 1.9.0 to 2.0.1
  com.unity.ide.rider from version 2.0.7 to 3.0.18
  com.unity.ide.visualstudio from version 2.0.11 to 2.0.17
  com.unity.ide.vscode from version 1.2.3 to 1.2.5
  com.unity.test-framework from version 1.1.29 to 1.1.31
  com.unity.timeline from version 1.4.8 to 1.6.4
  com.unity.xr.interaction.toolkit from version 2.0.0-pre.6 to 2.2.0
  com.unity.xr.oculus from version 1.10.0 to 3.2.3
  com.unity.xr.openxr from version 1.2.8 to 1.6.0

=== Fri Sep  6 17:25:40 2024

Packages were changed.
Update Mode: updateDependencies

The following packages were added:
  com.unity.ai.navigation@1.1.5
The following packages were updated:
  com.unity.collab-proxy from version 2.0.1 to 2.4.4
  com.unity.ide.rider from version 3.0.18 to 3.0.31
  com.unity.ide.visualstudio from version 2.0.17 to 2.0.22
  com.unity.test-framework from version 1.1.31 to 1.1.33
  com.unity.timeline from version 1.6.4 to 1.7.6
  com.unity.visualscripting from version 1.8.0 to 1.9.4
  com.unity.xr.interaction.toolkit from version 2.2.0 to 2.6.3
  com.unity.xr.management from version 4.2.0 to 4.4.0
  com.unity.xr.oculus from version 3.2.3 to 4.2.0
  com.unity.xr.openxr from version 1.6.0 to 1.12.0
